[2022-05-23 19:32:05.057] [renderer1] [warning] [twxs.cmake]: Cannot register 'cmake.cmakePath'. This property is already registered.
[2022-05-23 19:32:05.109] [renderer1] [info] [GitHub.vscode-pull-request-github]: `remoteHub/pullRequest` is not a valid menu identifier
[2022-05-23 19:32:06.617] [renderer1] [error] Missing gallery: Error: Missing gallery
    at Rs.install (vscode-file://vscode-app/usr/share/code/resources/app/out/vs/workbench/workbench.desktop.main.js:3162:19900)
    at handler (vscode-file://vscode-app/usr/share/code/resources/app/out/vs/workbench/workbench.desktop.main.js:3162:34678)
[2022-05-23 19:32:07.188] [renderer1] [error] ENOENT: no such file or directory, open '/home/nikitafin/.config/Code/User/globalStorage/vscodevim.vim/.registers': Error: ENOENT: no such file or directory, open '/home/nikitafin/.config/Code/User/globalStorage/vscodevim.vim/.registers'
[2022-05-23 19:32:07.296] [renderer1] [error] [Extension Host] (node:261459) [DEP0005] DeprecationWarning: Buffer() is deprecated due to security and usability issues. Please use the Buffer.alloc(), Buffer.allocUnsafe(), or Buffer.from() methods instead.
(Use `code --trace-deprecation ...` to show where the warning was created)
[2022-05-23 19:32:08.179] [renderer1] [error] Missing gallery: Error: Missing gallery
    at Rs.install (vscode-file://vscode-app/usr/share/code/resources/app/out/vs/workbench/workbench.desktop.main.js:3162:19900)
    at handler (vscode-file://vscode-app/usr/share/code/resources/app/out/vs/workbench/workbench.desktop.main.js:3162:34678)
[2022-05-23 19:33:10.643] [renderer1] [error] [Extension Host] [WakaTime][ERROR] Error: Command failed: /home/nikitafin/.wakatime/wakatime-cli-linux-amd64 --entity /home/nikitafin/Documents/temp/creatly-backend/tests/admins_test.go --plugin "vscode/1.67.2 vscode-wakatime/18.1.5" --lineno 14 --cursorpos 1 --lines-in-file 115 --alternate-project creatly-backend --project-folder /home/nikitafin/Documents/temp/creatly-backend --write

[2022-05-23 19:33:25.412] [renderer1] [error] [Extension Host] [WakaTime][ERROR] Error: Command failed: /home/nikitafin/.wakatime/wakatime-cli-linux-amd64 --entity /home/nikitafin/Documents/temp/creatly-backend/cmd/app/main.go --plugin "vscode/1.67.2 vscode-wakatime/18.1.5" --lineno 1 --cursorpos 1 --lines-in-file 10 --alternate-project creatly-backend --project-folder /home/nikitafin/Documents/temp/creatly-backend

[2022-05-23 19:33:29.436] [renderer1] [error] [Extension Host] [WakaTime][ERROR] Error: Command failed: /home/nikitafin/.wakatime/wakatime-cli-linux-amd64 --entity /home/nikitafin/Documents/temp/creatly-backend/internal/app/app.go --plugin "vscode/1.67.2 vscode-wakatime/18.1.5" --lineno 1 --cursorpos 1 --lines-in-file 175 --alternate-project creatly-backend --project-folder /home/nikitafin/Documents/temp/creatly-backend

[2022-05-23 19:34:03.627] [renderer1] [error] [Extension Host] [WakaTime][ERROR] Error: Command failed: /home/nikitafin/.wakatime/wakatime-cli-linux-amd64 --entity /home/nikitafin/Documents/temp/creatly-backend/internal/delivery/http/handler.go --plugin "vscode/1.67.2 vscode-wakatime/18.1.5" --lineno 1 --cursorpos 1 --lines-in-file 67 --alternate-project creatly-backend --project-folder /home/nikitafin/Documents/temp/creatly-backend

[2022-05-23 19:34:06.413] [renderer1] [error] [Extension Host] [WakaTime][ERROR] Error: Command failed: /home/nikitafin/.wakatime/wakatime-cli-linux-amd64 --today --plugin "vscode/1.67.2 vscode-wakatime/18.1.5"

[2022-05-23 19:34:15.873] [renderer1] [error] [Extension Host] [WakaTime][ERROR] Error: Command failed: /home/nikitafin/.wakatime/wakatime-cli-linux-amd64 --entity /home/nikitafin/Documents/temp/creatly-backend/internal/delivery/http/v1/handler.go --plugin "vscode/1.67.2 vscode-wakatime/18.1.5" --lineno 1 --cursorpos 1 --lines-in-file 52 --alternate-project creatly-backend --project-folder /home/nikitafin/Documents/temp/creatly-backend

[2022-05-23 19:34:20.381] [renderer1] [error] [Extension Host] [WakaTime][ERROR] Error: Command failed: /home/nikitafin/.wakatime/wakatime-cli-linux-amd64 --entity extension-output-ms-vscode.cpptools-#2 --plugin "vscode/1.67.2 vscode-wakatime/18.1.5" --lineno 1 --cursorpos 1 --lines-in-file 5 --alternate-project creatly-backend --project-folder /home/nikitafin/Documents/temp/creatly-backend

[2022-05-23 19:34:20.399] [renderer1] [error] [Extension Host] [WakaTime][ERROR] Unknown Error (1); Check your /home/nikitafin/.wakatime.log file for more details
[2022-05-23 19:36:05.750] [renderer1] [error] [Extension Host] [WakaTime][ERROR] Error: Command failed: /home/nikitafin/.wakatime/wakatime-cli-linux-amd64 --today --plugin "vscode/1.67.2 vscode-wakatime/18.1.5"

[2022-05-23 19:39:22.650] [renderer1] [error] [Extension Host] [WakaTime][ERROR] Error: Command failed: /home/nikitafin/.wakatime/wakatime-cli-linux-amd64 --entity /home/nikitafin/Documents/temp/creatly-backend/internal/delivery/http/v1/middleware.go --plugin "vscode/1.67.2 vscode-wakatime/18.1.5" --lineno 1 --cursorpos 1 --lines-in-file 152 --alternate-project creatly-backend --project-folder /home/nikitafin/Documents/temp/creatly-backend

[2022-05-23 19:39:44.766] [renderer1] [error] [Extension Host] [WakaTime][ERROR] Error: Command failed: /home/nikitafin/.wakatime/wakatime-cli-linux-amd64 --entity /home/nikitafin/go/pkg/mod/github.com/gin-gonic/gin@v1.6.3/context.go --plugin "vscode/1.67.2 vscode-wakatime/18.1.5" --lineno 1 --cursorpos 1 --lines-in-file 1107 --alternate-project creatly-backend --project-folder /home/nikitafin/Documents/temp/creatly-backend

[2022-05-23 19:39:50.508] [renderer1] [error] [Extension Host] [WakaTime][ERROR] Error: Command failed: /home/nikitafin/.wakatime/wakatime-cli-linux-amd64 --entity /home/nikitafin/Documents/temp/creatly-backend/internal/delivery/http/v1/middleware.go --plugin "vscode/1.67.2 vscode-wakatime/18.1.5" --lineno 1 --cursorpos 1 --lines-in-file 152 --alternate-project creatly-backend --project-folder /home/nikitafin/Documents/temp/creatly-backend

[2022-05-23 19:41:05.731] [renderer1] [error] [Extension Host] [WakaTime][ERROR] Error: Command failed: /home/nikitafin/.wakatime/wakatime-cli-linux-amd64 --today --plugin "vscode/1.67.2 vscode-wakatime/18.1.5"

[2022-05-23 19:47:50.615] [renderer1] [error] [Extension Host] [WakaTime][ERROR] Error: Command failed: /home/nikitafin/.wakatime/wakatime-cli-linux-amd64 --entity /home/nikitafin/Documents/temp/creatly-backend/internal/delivery/http/v1/users.go --plugin "vscode/1.67.2 vscode-wakatime/18.1.5" --lineno 234 --cursorpos 8 --lines-in-file 248 --alternate-project creatly-backend --project-folder /home/nikitafin/Documents/temp/creatly-backend

[2022-05-23 19:48:30.479] [renderer1] [error] [Extension Host] [WakaTime][ERROR] Error: Command failed: /home/nikitafin/.wakatime/wakatime-cli-linux-amd64 --entity /home/nikitafin/Documents/temp/creatly-backend/internal/service/service.go --plugin "vscode/1.67.2 vscode-wakatime/18.1.5" --lineno 1 --cursorpos 1 --lines-in-file 417 --alternate-project creatly-backend --project-folder /home/nikitafin/Documents/temp/creatly-backend

[2022-05-23 19:48:46.368] [renderer1] [error] [Extension Host] [WakaTime][ERROR] Error: Command failed: /home/nikitafin/.wakatime/wakatime-cli-linux-amd64 --entity /home/nikitafin/Documents/temp/creatly-backend/internal/service/users.go --plugin "vscode/1.67.2 vscode-wakatime/18.1.5" --lineno 1 --cursorpos 1 --lines-in-file 209 --alternate-project creatly-backend --project-folder /home/nikitafin/Documents/temp/creatly-backend

[2022-05-23 19:49:05.731] [renderer1] [error] [Extension Host] [WakaTime][ERROR] Error: Command failed: /home/nikitafin/.wakatime/wakatime-cli-linux-amd64 --today --plugin "vscode/1.67.2 vscode-wakatime/18.1.5"

[2022-05-23 19:49:08.385] [renderer1] [error] [Extension Host] [WakaTime][ERROR] Error: Command failed: /home/nikitafin/.wakatime/wakatime-cli-linux-amd64 --entity /home/nikitafin/Documents/temp/creatly-backend/internal/service/users.go --plugin "vscode/1.67.2 vscode-wakatime/18.1.5" --lineno 183 --cursorpos 12 --lines-in-file 209 --alternate-project creatly-backend --project-folder /home/nikitafin/Documents/temp/creatly-backend

[2022-05-23 19:52:05.729] [renderer1] [error] [Extension Host] [WakaTime][ERROR] Error: Command failed: /home/nikitafin/.wakatime/wakatime-cli-linux-amd64 --today --plugin "vscode/1.67.2 vscode-wakatime/18.1.5"

[2022-05-24 17:43:56.099] [renderer1] [error] [Extension Host] [WakaTime][ERROR] Error: Command failed: /home/nikitafin/.wakatime/wakatime-cli-linux-amd64 --entity /home/nikitafin/.zshrc --plugin "vscode/1.67.2 vscode-wakatime/18.1.5" --lineno 1 --cursorpos 1 --lines-in-file 104 --alternate-project creatly-backend --project-folder /home/nikitafin/Documents/temp/creatly-backend

[2022-05-24 17:43:56.269] [renderer1] [error] [Extension Host] [WakaTime][ERROR] Error: Command failed: /home/nikitafin/.wakatime/wakatime-cli-linux-amd64 --entity extension-output-foxundermoon.shell-format-#1 --plugin "vscode/1.67.2 vscode-wakatime/18.1.5" --lineno 1 --cursorpos 1 --lines-in-file 9 --alternate-project creatly-backend --project-folder /home/nikitafin/Documents/temp/creatly-backend

[2022-05-24 17:43:56.270] [renderer1] [error] [Extension Host] [WakaTime][ERROR] Unknown Error (1); Check your /home/nikitafin/.wakatime.log file for more details
[2022-05-24 17:44:05.436] [renderer1] [error] [Extension Host] [WakaTime][ERROR] Error: Command failed: /home/nikitafin/.wakatime/wakatime-cli-linux-amd64 --today --plugin "vscode/1.67.2 vscode-wakatime/18.1.5"

[2022-05-24 17:44:54.695] [renderer1] [error] [Extension Host] [WakaTime][ERROR] Error: Command failed: /home/nikitafin/.wakatime/wakatime-cli-linux-amd64 --entity /home/nikitafin/Documents/temp/creatly-backend/cmd/app/main.go --plugin "vscode/1.67.2 vscode-wakatime/18.1.5" --lineno 1 --cursorpos 1 --lines-in-file 10 --alternate-project creatly-backend --project-folder /home/nikitafin/Documents/temp/creatly-backend

[2022-05-24 17:44:57.306] [renderer1] [error] [Extension Host] [WakaTime][ERROR] Error: Command failed: /home/nikitafin/.wakatime/wakatime-cli-linux-amd64 --entity /home/nikitafin/Documents/temp/creatly-backend/pkg/auth/manager.go --plugin "vscode/1.67.2 vscode-wakatime/18.1.5" --lineno 1 --cursorpos 1 --lines-in-file 72 --alternate-project creatly-backend --project-folder /home/nikitafin/Documents/temp/creatly-backend

[2022-05-24 17:44:58.731] [renderer1] [error] [Extension Host] [WakaTime][ERROR] Error: Command failed: /home/nikitafin/.wakatime/wakatime-cli-linux-amd64 --entity /home/nikitafin/.zshrc --plugin "vscode/1.67.2 vscode-wakatime/18.1.5" --lineno 1 --cursorpos 1 --lines-in-file 106 --alternate-project creatly-backend --project-folder /home/nikitafin/Documents/temp/creatly-backend

[2022-05-24 17:45:55.268] [renderer1] [error] [Extension Host] [WakaTime][ERROR] Error: Command failed: /home/nikitafin/.wakatime/wakatime-cli-linux-amd64 --today --plugin "vscode/1.67.2 vscode-wakatime/18.1.5"

